{
"contracts/DankMint.sol":{"l":{"14":4,"15":4,"16":4,"17":4,"18":4,"22":2},"path":"/home/oncemore/Blockchain Work/testing-coverage/contracts/DankMint.sol","s":{"1":4,"2":4,"3":4,"4":4,"5":4,"6":2},"b":{"1":[4,0]},"f":{"1":3,"2":4,"3":2},"fnMap":{"1":{"name":"constructor","line":9,"loc":{"start":{"line":9,"column":4},"end":{"line":11,"column":4}}},"2":{"name":"mint","line":13,"loc":{"start":{"line":13,"column":4},"end":{"line":19,"column":4}}},"3":{"name":"totalSupply","line":21,"loc":{"start":{"line":21,"column":4},"end":{"line":23,"column":4}}}},"statementMap":{"1":{"start":{"line":14,"column":8},"end":{"line":14,"column":38}},"2":{"start":{"line":15,"column":8},"end":{"line":15,"column":30}},"3":{"start":{"line":16,"column":8},"end":{"line":16,"column":41}},"4":{"start":{"line":17,"column":8},"end":{"line":17,"column":29}},"5":{"start":{"line":18,"column":8},"end":{"line":18,"column":33}},"6":{"start":{"line":22,"column":8},"end":{"line":22,"column":33}}},"branchMap":{"1":{"line":14,"type":"if","locations":[{"start":{"line":14,"column":8},"end":{"line":14,"column":8}},{"start":{"line":14,"column":8},"end":{"line":14,"column":8}}]}}}}
